<?xml version='1.0' encoding='UTF-8'?>
<buildlog>
  <outpath>.</outpath>
  <operation>
    <module>lbuild</module>
    <source>buildlog.xml.in</source>
    <destination>project.xml.log</destination>
  </operation>
  <operation>
    <module>modm:architecture</module>
    <source>../../../ext/modm/src/modm/architecture/architecture.hpp</source>
    <destination>modm/src/modm/architecture.hpp</destination>
    <time>32.125 ms</time>
  </operation>
  <operation>
    <module>modm:architecture</module>
    <source>../../../ext/modm/src/modm/architecture/detect.hpp</source>
    <destination>modm/src/modm/architecture/detect.hpp</destination>
    <time>1.020 ms</time>
  </operation>
  <operation>
    <module>modm:architecture</module>
    <source>../../../ext/modm/src/modm/architecture/interface.hpp.in</source>
    <destination>modm/src/modm/architecture/interface.hpp</destination>
    <time>29.343 ms</time>
  </operation>
  <operation>
    <module>modm:architecture</module>
    <source>../../../ext/modm/src/modm/architecture/interface/peripheral.hpp</source>
    <destination>modm/src/modm/architecture/interface/peripheral.hpp</destination>
    <time>1.472 ms</time>
  </operation>
  <operation>
    <module>modm:architecture</module>
    <source>../../../ext/modm/src/modm/architecture/utils.hpp</source>
    <destination>modm/src/modm/architecture/utils.hpp</destination>
    <time>129.292 ms</time>
  </operation>
  <operation>
    <module>modm:architecture:accessor</module>
    <source>../../../ext/modm/src/modm/architecture/interface/accessor.hpp</source>
    <destination>modm/src/modm/architecture/interface/accessor.hpp</destination>
    <time>287.962 ms</time>
  </operation>
  <operation>
    <module>modm:architecture:accessor</module>
    <source>../../../ext/modm/src/modm/architecture/interface/accessor_flash.hpp</source>
    <destination>modm/src/modm/architecture/interface/accessor_flash.hpp</destination>
    <time>3.601 ms</time>
  </operation>
  <operation>
    <module>modm:architecture:accessor</module>
    <source>../../../ext/modm/src/modm/architecture/interface/accessor_ram.hpp</source>
    <destination>modm/src/modm/architecture/interface/accessor_ram.hpp</destination>
    <time>1.522 ms</time>
  </operation>
  <operation>
    <module>modm:architecture:adc</module>
    <source>../../../ext/modm/src/modm/architecture/interface/adc.hpp</source>
    <destination>modm/src/modm/architecture/interface/adc.hpp</destination>
    <time>1.002 ms</time>
  </operation>
  <operation>
    <module>modm:architecture:adc</module>
    <source>../../../ext/modm/src/modm/architecture/interface/adc_interrupt.hpp</source>
    <destination>modm/src/modm/architecture/interface/adc_interrupt.hpp</destination>
    <time>0.881 ms</time>
  </operation>
  <operation>
    <module>modm:architecture:assert</module>
    <source>../../../ext/modm/src/modm/architecture/interface/assert.h.in</source>
    <destination>modm/src/modm/architecture/interface/assert.h</destination>
    <time>160.653 ms</time>
  </operation>
  <operation>
    <module>modm:architecture:assert</module>
    <source>../../../ext/modm/src/modm/architecture/interface/assert.hpp.in</source>
    <destination>modm/src/modm/architecture/interface/assert.hpp</destination>
    <time>191.224 ms</time>
  </operation>
  <operation>
    <module>modm:architecture:atomic</module>
    <source>../../../ext/modm/src/modm/architecture/driver/atomic.hpp</source>
    <destination>modm/src/modm/architecture/driver/atomic.hpp</destination>
    <time>366.087 ms</time>
  </operation>
  <operation>
    <module>modm:architecture:atomic</module>
    <source>../../../ext/modm/src/modm/architecture/driver/atomic/container.hpp</source>
    <destination>modm/src/modm/architecture/driver/atomic/container.hpp</destination>
    <time>86.615 ms</time>
  </operation>
  <operation>
    <module>modm:architecture:atomic</module>
    <source>../../../ext/modm/src/modm/architecture/driver/atomic/flag.cpp</source>
    <destination>modm/src/modm/architecture/driver/atomic/flag.cpp</destination>
    <time>74.733 ms</time>
  </operation>
  <operation>
    <module>modm:architecture:atomic</module>
    <source>../../../ext/modm/src/modm/architecture/driver/atomic/flag.hpp</source>
    <destination>modm/src/modm/architecture/driver/atomic/flag.hpp</destination>
    <time>1.544 ms</time>
  </operation>
  <operation>
    <module>modm:architecture:atomic</module>
    <source>../../../ext/modm/src/modm/architecture/driver/atomic/queue.hpp</source>
    <destination>modm/src/modm/architecture/driver/atomic/queue.hpp</destination>
    <time>44.688 ms</time>
  </operation>
  <operation>
    <module>modm:architecture:atomic</module>
    <source>../../../ext/modm/src/modm/architecture/driver/atomic/queue_impl.hpp</source>
    <destination>modm/src/modm/architecture/driver/atomic/queue_impl.hpp</destination>
    <time>350.630 ms</time>
  </operation>
  <operation>
    <module>modm:architecture:atomic</module>
    <source>../../../ext/modm/src/modm/architecture/interface/atomic_lock.hpp</source>
    <destination>modm/src/modm/architecture/interface/atomic_lock.hpp</destination>
    <time>1.597 ms</time>
  </operation>
  <operation>
    <module>modm:architecture:clock</module>
    <source>../../../ext/modm/src/modm/architecture/interface/clock.hpp</source>
    <destination>modm/src/modm/architecture/interface/clock.hpp</destination>
    <time>0.612 ms</time>
  </operation>
  <operation>
    <module>modm:architecture:delay</module>
    <source>../../../ext/modm/src/modm/architecture/interface/delay.hpp</source>
    <destination>modm/src/modm/architecture/interface/delay.hpp</destination>
    <time>0.505 ms</time>
  </operation>
  <operation>
    <module>modm:architecture:fiber</module>
    <source>../../../ext/modm/src/modm/architecture/interface/fiber.hpp</source>
    <destination>modm/src/modm/architecture/interface/fiber.hpp</destination>
    <time>0.861 ms</time>
  </operation>
  <operation>
    <module>modm:architecture:gpio</module>
    <source>../../../ext/modm/src/modm/architecture/interface/gpio.hpp</source>
    <destination>modm/src/modm/architecture/interface/gpio.hpp</destination>
    <time>2.300 ms</time>
  </operation>
  <operation>
    <module>modm:architecture:interrupt</module>
    <source>../../../ext/modm/src/modm/architecture/interface/interrupt.hpp</source>
    <destination>modm/src/modm/architecture/interface/interrupt.hpp</destination>
    <time>215.735 ms</time>
  </operation>
  <operation>
    <module>modm:architecture:register</module>
    <source>../../../ext/modm/src/modm/architecture/interface/register.hpp</source>
    <destination>modm/src/modm/architecture/interface/register.hpp</destination>
    <time>1.134 ms</time>
  </operation>
  <operation>
    <module>modm:architecture:uart</module>
    <source>../../../ext/modm/src/modm/architecture/interface/uart.hpp</source>
    <destination>modm/src/modm/architecture/interface/uart.hpp</destination>
    <time>1.625 ms</time>
  </operation>
  <operation>
    <module>modm:build</module>
    <source>../../../ext/modm/tools/build_script_generator/probe_gdbinit.in</source>
    <destination>modm/gdbinit_bmp</destination>
    <time>5.023 ms</time>
  </operation>
  <operation>
    <module>modm:build</module>
    <source>../../../ext/modm/tools/build_script_generator/probe_gdbinit.in</source>
    <destination>modm/gdbinit_jlink</destination>
    <time>1.964 ms</time>
  </operation>
  <operation>
    <module>modm:build</module>
    <source>../../../ext/modm/tools/build_script_generator/probe_gdbinit.in</source>
    <destination>modm/gdbinit_openocd</destination>
    <time>18.975 ms</time>
  </operation>
  <operation>
    <module>modm:build</module>
    <source>../../../ext/modm/tools/modm_tools/__init__.py.in</source>
    <destination>modm/modm_tools/__init__.py</destination>
    <time>8.451 ms</time>
  </operation>
  <operation>
    <module>modm:build</module>
    <source>../../../ext/modm/tools/modm_tools/avrdude.py</source>
    <destination>modm/modm_tools/avrdude.py</destination>
    <time>7.812 ms</time>
  </operation>
  <operation>
    <module>modm:build</module>
    <source>../../../ext/modm/tools/modm_tools/find_files.py</source>
    <destination>modm/modm_tools/find_files.py</destination>
    <time>0.635 ms</time>
  </operation>
  <operation>
    <module>modm:build</module>
    <source>../../../ext/modm/tools/modm_tools/utils.py</source>
    <destination>modm/modm_tools/utils.py</destination>
    <time>2.709 ms</time>
  </operation>
  <operation>
    <module>modm:build:scons</module>
    <source>../../../ext/modm/tools/build_script_generator/scons/resources/SConscript.in</source>
    <destination>modm/SConscript</destination>
    <time>196.750 ms</time>
  </operation>
  <operation>
    <module>modm:build:scons</module>
    <source>../../../ext/modm/tools/build_script_generator/scons/resources/SConstruct.in</source>
    <destination>SConstruct</destination>
    <time>56.704 ms</time>
  </operation>
  <operation>
    <module>modm:build:scons</module>
    <source>../../../ext/modm/tools/build_script_generator/scons/resources/build_target.py.in</source>
    <destination>modm/scons/site_tools/build_target.py</destination>
    <time>25.030 ms</time>
  </operation>
  <operation>
    <module>modm:build:scons</module>
    <source>../../../ext/modm/tools/build_script_generator/scons/site_tools/avrdude.py</source>
    <destination>modm/scons/site_tools/avrdude.py</destination>
    <time>0.565 ms</time>
  </operation>
  <operation>
    <module>modm:build:scons</module>
    <source>../../../ext/modm/tools/build_script_generator/scons/site_tools/comstr.py</source>
    <destination>modm/scons/site_tools/comstr.py</destination>
    <time>0.585 ms</time>
  </operation>
  <operation>
    <module>modm:build:scons</module>
    <source>../../../ext/modm/tools/build_script_generator/scons/site_tools/find_files.py</source>
    <destination>modm/scons/site_tools/find_files.py</destination>
    <time>74.531 ms</time>
  </operation>
  <operation>
    <module>modm:build:scons</module>
    <source>../../../ext/modm/tools/build_script_generator/scons/site_tools/gcc_retarget.py</source>
    <destination>modm/scons/site_tools/gcc_retarget.py</destination>
    <time>0.639 ms</time>
  </operation>
  <operation>
    <module>modm:build:scons</module>
    <source>../../../ext/modm/tools/build_script_generator/scons/site_tools/qtcreator.py</source>
    <destination>modm/scons/site_tools/qtcreator.py</destination>
    <time>0.642 ms</time>
  </operation>
  <operation>
    <module>modm:build:scons</module>
    <source>../../../ext/modm/tools/build_script_generator/scons/site_tools/qtcreator/project.config.in</source>
    <destination>modm/scons/site_tools/qtcreator/project.config.in</destination>
    <time>4.958 ms</time>
  </operation>
  <operation>
    <module>modm:build:scons</module>
    <source>../../../ext/modm/tools/build_script_generator/scons/site_tools/qtcreator/project.creator.in</source>
    <destination>modm/scons/site_tools/qtcreator/project.creator.in</destination>
    <time>0.832 ms</time>
  </operation>
  <operation>
    <module>modm:build:scons</module>
    <source>../../../ext/modm/tools/build_script_generator/scons/site_tools/qtcreator/project.files.in</source>
    <destination>modm/scons/site_tools/qtcreator/project.files.in</destination>
    <time>0.439 ms</time>
  </operation>
  <operation>
    <module>modm:build:scons</module>
    <source>../../../ext/modm/tools/build_script_generator/scons/site_tools/qtcreator/project.includes.in</source>
    <destination>modm/scons/site_tools/qtcreator/project.includes.in</destination>
    <time>8.237 ms</time>
  </operation>
  <operation>
    <module>modm:build:scons</module>
    <source>../../../ext/modm/tools/build_script_generator/scons/site_tools/size.py</source>
    <destination>modm/scons/site_tools/size.py</destination>
    <time>0.577 ms</time>
  </operation>
  <operation>
    <module>modm:build:scons</module>
    <source>../../../ext/modm/tools/build_script_generator/scons/site_tools/template.py</source>
    <destination>modm/scons/site_tools/template.py</destination>
    <time>0.585 ms</time>
  </operation>
  <operation>
    <module>modm:build:scons</module>
    <source>../../../ext/modm/tools/build_script_generator/scons/site_tools/utils.py</source>
    <destination>modm/scons/site_tools/utils.py</destination>
    <time>0.592 ms</time>
  </operation>
  <operation>
    <module>modm:build:scons</module>
    <source>../../../ext/modm/tools/build_script_generator/scons/site_tools/utils_buildpath.py</source>
    <destination>modm/scons/site_tools/utils_buildpath.py</destination>
    <time>0.628 ms</time>
  </operation>
  <operation>
    <module>modm:driver:adc_sampler</module>
    <source>../../../ext/modm/src/modm/driver/adc/adc_sampler.hpp</source>
    <destination>modm/src/modm/driver/adc/adc_sampler.hpp</destination>
    <time>192.656 ms</time>
  </operation>
  <operation>
    <module>modm:driver:adc_sampler</module>
    <source>../../../ext/modm/src/modm/driver/adc/adc_sampler_impl.hpp</source>
    <destination>modm/src/modm/driver/adc/adc_sampler_impl.hpp</destination>
    <time>46.165 ms</time>
  </operation>
  <operation>
    <module>modm:io</module>
    <source>../../../ext/modm/src/modm/io/io.hpp</source>
    <destination>modm/src/modm/io.hpp</destination>
    <time>410.634 ms</time>
  </operation>
  <operation>
    <module>modm:io</module>
    <source>../../../ext/modm/src/modm/io/iodevice.hpp</source>
    <destination>modm/src/modm/io/iodevice.hpp</destination>
    <time>48.299 ms</time>
  </operation>
  <operation>
    <module>modm:io</module>
    <source>../../../ext/modm/src/modm/io/iodevice_wrapper.hpp</source>
    <destination>modm/src/modm/io/iodevice_wrapper.hpp</destination>
    <time>0.824 ms</time>
  </operation>
  <operation>
    <module>modm:io</module>
    <source>../../../ext/modm/src/modm/io/iostream.cpp</source>
    <destination>modm/src/modm/io/iostream.cpp</destination>
    <time>117.014 ms</time>
  </operation>
  <operation>
    <module>modm:io</module>
    <source>../../../ext/modm/src/modm/io/iostream.hpp.in</source>
    <destination>modm/src/modm/io/iostream.hpp</destination>
    <time>463.400 ms</time>
  </operation>
  <operation>
    <module>modm:io</module>
    <source>../../../ext/modm/src/modm/io/iostream_chrono.hpp.in</source>
    <destination>modm/src/modm/io/iostream_chrono.hpp</destination>
    <time>37.467 ms</time>
  </operation>
  <operation>
    <module>modm:io</module>
    <source>../../../ext/modm/src/modm/io/iostream_printf.cpp.in</source>
    <destination>modm/src/modm/io/iostream_printf.cpp</destination>
    <time>117.465 ms</time>
  </operation>
  <operation>
    <module>modm:math</module>
    <source>../../../ext/modm/src/modm/math/math.hpp.in</source>
    <destination>modm/src/modm/math.hpp</destination>
    <time>481.803 ms</time>
  </operation>
  <operation>
    <module>modm:math</module>
    <source>../../../ext/modm/src/modm/math/tolerance.hpp</source>
    <destination>modm/src/modm/math/tolerance.hpp</destination>
    <time>0.483 ms</time>
  </operation>
  <operation>
    <module>modm:math:algorithm</module>
    <source>../../../ext/modm/src/modm/math/algorithm.hpp</source>
    <destination>modm/src/modm/math/algorithm.hpp</destination>
    <time>134.819 ms</time>
  </operation>
  <operation>
    <module>modm:math:algorithm</module>
    <source>../../../ext/modm/src/modm/math/algorithm/enumerate.hpp</source>
    <destination>modm/src/modm/math/algorithm/enumerate.hpp</destination>
    <time>165.868 ms</time>
  </operation>
  <operation>
    <module>modm:math:algorithm</module>
    <source>../../../ext/modm/src/modm/math/algorithm/module.md</source>
    <destination>modm/src/modm/math/algorithm/module.md</destination>
    <time>89.497 ms</time>
  </operation>
  <operation>
    <module>modm:math:algorithm</module>
    <source>../../../ext/modm/src/modm/math/algorithm/prescaler.hpp</source>
    <destination>modm/src/modm/math/algorithm/prescaler.hpp</destination>
    <time>1.386 ms</time>
  </operation>
  <operation>
    <module>modm:math:algorithm</module>
    <source>../../../ext/modm/src/modm/math/algorithm/prescaler_counter.hpp</source>
    <destination>modm/src/modm/math/algorithm/prescaler_counter.hpp</destination>
    <time>91.122 ms</time>
  </operation>
  <operation>
    <module>modm:math:algorithm</module>
    <source>../../../ext/modm/src/modm/math/algorithm/range.hpp</source>
    <destination>modm/src/modm/math/algorithm/range.hpp</destination>
    <time>92.433 ms</time>
  </operation>
  <operation>
    <module>modm:math:units</module>
    <source>../../../ext/modm/src/modm/math/units.hpp</source>
    <destination>modm/src/modm/math/units.hpp</destination>
    <time>3.187 ms</time>
  </operation>
  <operation>
    <module>modm:math:utils</module>
    <source>../../../ext/modm/src/modm/math/utils.hpp</source>
    <destination>modm/src/modm/math/utils.hpp</destination>
    <time>103.933 ms</time>
  </operation>
  <operation>
    <module>modm:math:utils</module>
    <source>../../../ext/modm/src/modm/math/utils/arithmetic_traits.hpp</source>
    <destination>modm/src/modm/math/utils/arithmetic_traits.hpp</destination>
    <time>1.012 ms</time>
  </operation>
  <operation>
    <module>modm:math:utils</module>
    <source>../../../ext/modm/src/modm/math/utils/avr/sqrt32.sx</source>
    <destination>modm/src/modm/math/utils/avr/sqrt32.sx</destination>
    <time>198.793 ms</time>
  </operation>
  <operation>
    <module>modm:math:utils</module>
    <source>../../../ext/modm/src/modm/math/utils/bcd.hpp</source>
    <destination>modm/src/modm/math/utils/bcd.hpp</destination>
    <time>194.544 ms</time>
  </operation>
  <operation>
    <module>modm:math:utils</module>
    <source>../../../ext/modm/src/modm/math/utils/bit_constants.hpp</source>
    <destination>modm/src/modm/math/utils/bit_constants.hpp</destination>
    <time>0.521 ms</time>
  </operation>
  <operation>
    <module>modm:math:utils</module>
    <source>../../../ext/modm/src/modm/math/utils/bit_operation.cpp</source>
    <destination>modm/src/modm/math/utils/bit_operation.cpp</destination>
    <time>36.703 ms</time>
  </operation>
  <operation>
    <module>modm:math:utils</module>
    <source>../../../ext/modm/src/modm/math/utils/bit_operation.hpp</source>
    <destination>modm/src/modm/math/utils/bit_operation.hpp</destination>
    <time>0.486 ms</time>
  </operation>
  <operation>
    <module>modm:math:utils</module>
    <source>../../../ext/modm/src/modm/math/utils/crc.hpp</source>
    <destination>modm/src/modm/math/utils/crc.hpp</destination>
    <time>36.299 ms</time>
  </operation>
  <operation>
    <module>modm:math:utils</module>
    <source>../../../ext/modm/src/modm/math/utils/endianness.hpp</source>
    <destination>modm/src/modm/math/utils/endianness.hpp</destination>
    <time>0.913 ms</time>
  </operation>
  <operation>
    <module>modm:math:utils</module>
    <source>../../../ext/modm/src/modm/math/utils/integer_traits.hpp</source>
    <destination>modm/src/modm/math/utils/integer_traits.hpp</destination>
    <time>11.261 ms</time>
  </operation>
  <operation>
    <module>modm:math:utils</module>
    <source>../../../ext/modm/src/modm/math/utils/misc.hpp</source>
    <destination>modm/src/modm/math/utils/misc.hpp</destination>
    <time>193.383 ms</time>
  </operation>
  <operation>
    <module>modm:math:utils</module>
    <source>../../../ext/modm/src/modm/math/utils/operator.hpp</source>
    <destination>modm/src/modm/math/utils/operator.hpp</destination>
    <time>72.691 ms</time>
  </operation>
  <operation>
    <module>modm:math:utils</module>
    <source>../../../ext/modm/src/modm/math/utils/operator_avr_impl.hpp</source>
    <destination>modm/src/modm/math/utils/operator_impl.hpp</destination>
    <time>226.187 ms</time>
  </operation>
  <operation>
    <module>modm:platform</module>
    <source>../../../ext/modm/src/modm/platform/platform.hpp.in</source>
    <destination>modm/src/modm/platform.hpp</destination>
    <time>404.561 ms</time>
  </operation>
  <operation>
    <module>modm:platform:adc</module>
    <source>../../../ext/modm/src/modm/platform/adc/at90_tiny_mega/adc_interrupt.cpp.in</source>
    <destination>modm/src/modm/platform/adc/adc_interrupt.cpp</destination>
    <time>168.986 ms</time>
  </operation>
  <operation>
    <module>modm:platform:adc</module>
    <source>../../../ext/modm/src/modm/platform/adc/at90_tiny_mega/adc_interrupt.hpp.in</source>
    <destination>modm/src/modm/platform/adc/adc_interrupt.hpp</destination>
    <time>130.314 ms</time>
  </operation>
  <operation>
    <module>modm:platform:adc</module>
    <source>../../../ext/modm/src/modm/platform/adc/at90_tiny_mega/adc_mega.hpp.in</source>
    <destination>modm/src/modm/platform/adc/adc.hpp</destination>
    <time>151.122 ms</time>
  </operation>
  <operation>
    <module>modm:platform:clock</module>
    <source>../../../ext/modm/src/modm/platform/clock/avr/clock.cpp.in</source>
    <destination>modm/src/modm/platform/clock/clock.cpp</destination>
    <time>414.261 ms</time>
  </operation>
  <operation>
    <module>modm:platform:clock</module>
    <source>../../../ext/modm/src/modm/platform/clock/avr/clock.hpp</source>
    <destination>modm/src/modm/platform/clock/clock.hpp</destination>
    <time>163.347 ms</time>
  </operation>
  <operation>
    <module>modm:platform:core</module>
    <source>../../../ext/modm/src/modm/platform/core/avr/atomic_lock_impl.hpp</source>
    <destination>modm/src/modm/platform/core/atomic_lock_impl.hpp</destination>
    <time>75.965 ms</time>
  </operation>
  <operation>
    <module>modm:platform:core</module>
    <source>../../../ext/modm/src/modm/platform/core/avr/delay_impl.hpp.in</source>
    <destination>modm/src/modm/platform/core/delay_impl.hpp</destination>
    <time>378.040 ms</time>
  </operation>
  <operation>
    <module>modm:platform:core</module>
    <source>../../../ext/modm/src/modm/platform/core/avr/flash_reader_impl.hpp</source>
    <destination>modm/src/modm/platform/core/flash_reader_impl.hpp</destination>
    <time>116.319 ms</time>
  </operation>
  <operation>
    <module>modm:platform:core</module>
    <source>../../../ext/modm/src/modm/platform/core/avr/interrupts.hpp.in</source>
    <destination>modm/src/modm/platform/core/interrupts.hpp</destination>
    <time>261.559 ms</time>
  </operation>
  <operation>
    <module>modm:platform:core</module>
    <source>../../../ext/modm/src/modm/platform/core/avr/linkerscript.ld</source>
    <destination>modm/link/linkerscript.ld</destination>
    <time>249.325 ms</time>
  </operation>
  <operation>
    <module>modm:platform:core</module>
    <source>../../../ext/modm/src/modm/platform/core/avr/main.hpp</source>
    <destination>modm/src/modm/platform/core/main.hpp</destination>
    <time>136.402 ms</time>
  </operation>
  <operation>
    <module>modm:platform:core</module>
    <source>../../../ext/modm/src/modm/platform/core/cortex/assert.cpp.in</source>
    <destination>modm/src/modm/platform/core/assert.cpp</destination>
    <time>129.229 ms</time>
  </operation>
  <operation>
    <module>modm:platform:core</module>
    <source>../../../ext/modm/src/modm/platform/core/cortex/assert_impl.hpp.in</source>
    <destination>modm/src/modm/platform/core/assert_impl.hpp</destination>
    <time>524.389 ms</time>
  </operation>
  <operation>
    <module>modm:platform:gpio</module>
    <source>../../../ext/modm/src/modm/platform/gpio/at90_tiny_mega/base.hpp.in</source>
    <destination>modm/src/modm/platform/gpio/base.hpp</destination>
    <time>195.852 ms</time>
  </operation>
  <operation>
    <module>modm:platform:gpio</module>
    <source>../../../ext/modm/src/modm/platform/gpio/at90_tiny_mega/data.hpp.in</source>
    <destination>modm/src/modm/platform/gpio/data.hpp</destination>
    <time>339.414 ms</time>
  </operation>
  <operation>
    <module>modm:platform:gpio</module>
    <source>../../../ext/modm/src/modm/platform/gpio/at90_tiny_mega/define.h</source>
    <destination>modm/src/modm/platform/gpio/define.h</destination>
    <time>56.856 ms</time>
  </operation>
  <operation>
    <module>modm:platform:gpio</module>
    <source>../../../ext/modm/src/modm/platform/gpio/at90_tiny_mega/port.hpp.in</source>
    <destination>modm/src/modm/platform/gpio/port.hpp</destination>
    <time>130.476 ms</time>
  </operation>
  <operation>
    <module>modm:platform:gpio</module>
    <source>../../../ext/modm/src/modm/platform/gpio/at90_tiny_mega/set.hpp.in</source>
    <destination>modm/src/modm/platform/gpio/set.hpp</destination>
    <time>190.618 ms</time>
  </operation>
  <operation>
    <module>modm:platform:gpio</module>
    <source>../../../ext/modm/src/modm/platform/gpio/at90_tiny_mega/software_port.hpp.in</source>
    <destination>modm/src/modm/platform/gpio/software_port.hpp</destination>
    <time>109.284 ms</time>
  </operation>
  <operation>
    <module>modm:platform:gpio</module>
    <source>../../../ext/modm/src/modm/platform/gpio/at90_tiny_mega/static.hpp.in</source>
    <destination>modm/src/modm/platform/gpio/static.hpp</destination>
    <time>80.749 ms</time>
  </operation>
  <operation>
    <module>modm:platform:gpio</module>
    <source>../../../ext/modm/src/modm/platform/gpio/common/connector.hpp.in</source>
    <destination>modm/src/modm/platform/gpio/connector.hpp</destination>
    <time>275.409 ms</time>
  </operation>
  <operation>
    <module>modm:platform:gpio</module>
    <source>../../../ext/modm/src/modm/platform/gpio/common/inverted.hpp</source>
    <destination>modm/src/modm/platform/gpio/inverted.hpp</destination>
    <time>387.372 ms</time>
  </operation>
  <operation>
    <module>modm:platform:gpio</module>
    <source>../../../ext/modm/src/modm/platform/gpio/common/open_drain.hpp</source>
    <destination>modm/src/modm/platform/gpio/open_drain.hpp</destination>
    <time>4.288 ms</time>
  </operation>
  <operation>
    <module>modm:platform:gpio</module>
    <source>../../../ext/modm/src/modm/platform/gpio/common/pins.hpp.in</source>
    <destination>modm/src/modm/platform/gpio/pins.hpp</destination>
    <time>69.503 ms</time>
  </operation>
  <operation>
    <module>modm:platform:gpio</module>
    <source>../../../ext/modm/src/modm/platform/gpio/common/port_shim.hpp.in</source>
    <destination>modm/src/modm/platform/gpio/port_shim.hpp</destination>
    <time>955.224 ms</time>
  </operation>
  <operation>
    <module>modm:platform:gpio</module>
    <source>../../../ext/modm/src/modm/platform/gpio/common/unused.hpp.in</source>
    <destination>modm/src/modm/platform/gpio/unused.hpp</destination>
    <time>81.201 ms</time>
  </operation>
  <operation>
    <module>modm:platform:uart</module>
    <source>../../../ext/modm/src/modm/platform/uart/at90_tiny_mega/uart_defines.h</source>
    <destination>modm/src/modm/platform/uart/uart_defines.h</destination>
    <time>101.748 ms</time>
  </operation>
  <operation>
    <module>modm:platform:uart:0</module>
    <source>../../../ext/modm/src/modm/platform/uart/at90_tiny_mega/uart.hpp.in</source>
    <destination>modm/src/modm/platform/uart/uart0.hpp</destination>
    <time>130.434 ms</time>
  </operation>
  <operation>
    <module>modm:platform:uart:0</module>
    <source>../../../ext/modm/src/modm/platform/uart/at90_tiny_mega/uart_rx.cpp.in</source>
    <destination>modm/src/modm/platform/uart/uart0_rx.cpp</destination>
    <time>224.735 ms</time>
  </operation>
  <operation>
    <module>modm:platform:uart:0</module>
    <source>../../../ext/modm/src/modm/platform/uart/at90_tiny_mega/uart_tx.cpp.in</source>
    <destination>modm/src/modm/platform/uart/uart0_tx.cpp</destination>
    <time>13.901 ms</time>
  </operation>
  <operation>
    <module>modm:processing</module>
    <source>../../../ext/modm/src/modm/processing/fiber.hpp.in</source>
    <destination>modm/src/modm/processing/fiber.hpp</destination>
    <time>916.837 ms</time>
  </operation>
  <operation>
    <module>modm:processing</module>
    <source>../../../ext/modm/src/modm/processing/fiber/no_yield.hpp</source>
    <destination>modm/src/modm/processing/fiber/no_yield.hpp</destination>
    <time>597.346 ms</time>
  </operation>
  <operation>
    <module>modm:processing</module>
    <source>../../../ext/modm/src/modm/processing/processing.hpp.in</source>
    <destination>modm/src/modm/processing.hpp</destination>
    <time>11.441 ms</time>
  </operation>
  <operation>
    <module>modm:processing</module>
    <source>../../../ext/modm/src/modm/processing/task.hpp</source>
    <destination>modm/src/modm/processing/task.hpp</destination>
    <time>15.463 ms</time>
  </operation>
  <operation>
    <module>modm:processing:timer</module>
    <source>../../../ext/modm/src/modm/processing/timer.hpp</source>
    <destination>modm/src/modm/processing/timer.hpp</destination>
    <time>16.935 ms</time>
  </operation>
  <operation>
    <module>modm:processing:timer</module>
    <source>../../../ext/modm/src/modm/processing/timer/module.md</source>
    <destination>modm/src/modm/processing/timer/module.md</destination>
    <time>43.285 ms</time>
  </operation>
  <operation>
    <module>modm:processing:timer</module>
    <source>../../../ext/modm/src/modm/processing/timer/periodic_timer.hpp</source>
    <destination>modm/src/modm/processing/timer/periodic_timer.hpp</destination>
    <time>3.368 ms</time>
  </operation>
  <operation>
    <module>modm:processing:timer</module>
    <source>../../../ext/modm/src/modm/processing/timer/timeout.hpp</source>
    <destination>modm/src/modm/processing/timer/timeout.hpp</destination>
    <time>1.586 ms</time>
  </operation>
  <operation>
    <module>modm:processing:timer</module>
    <source>../../../ext/modm/src/modm/processing/timer/timeout_impl.hpp</source>
    <destination>modm/src/modm/processing/timer/timeout_impl.hpp</destination>
    <time>60.975 ms</time>
  </operation>
  <operation>
    <module>modm:processing:timer</module>
    <source>../../../ext/modm/src/modm/processing/timer/timestamp.hpp</source>
    <destination>modm/src/modm/processing/timer/timestamp.hpp</destination>
    <time>1.774 ms</time>
  </operation>
  <operation>
    <module>modm:stdc++</module>
    <source>../../../ext/modm/ext/gcc/assert.cpp.in</source>
    <destination>modm/ext/gcc/assert.cpp</destination>
    <time>81.498 ms</time>
  </operation>
  <operation>
    <module>modm:stdc++</module>
    <source>../../../ext/modm/ext/gcc/atomic</source>
    <destination>modm/ext/gcc/atomic</destination>
    <time>564.161 ms</time>
  </operation>
  <operation>
    <module>modm:stdc++</module>
    <source>../../../ext/modm/ext/gcc/atomic.cpp.in</source>
    <destination>modm/ext/gcc/atomic.cpp</destination>
    <time>71.865 ms</time>
  </operation>
  <operation>
    <module>modm:stdc++</module>
    <source>../../../ext/modm/ext/gcc/cxxabi.cpp.in</source>
    <destination>modm/ext/gcc/cxxabi.cpp</destination>
    <time>233.179 ms</time>
  </operation>
  <operation>
    <module>modm:stdc++</module>
    <source>../../../ext/modm/ext/gcc/libstdc++/COPYING.MPLv2</source>
    <destination>modm/ext/gcc/libstdc++/COPYING.MPLv2</destination>
    <time>0.648 ms</time>
  </operation>
  <operation>
    <module>modm:stdc++</module>
    <source>../../../ext/modm/ext/gcc/libstdc++/COPYING3</source>
    <destination>modm/ext/gcc/libstdc++/COPYING3</destination>
    <time>94.312 ms</time>
  </operation>
  <operation>
    <module>modm:stdc++</module>
    <source>../../../ext/modm/ext/gcc/libstdc++/include/algorithm</source>
    <destination>modm/ext/gcc/libstdc++/include/algorithm</destination>
    <time>0.491 ms</time>
  </operation>
  <operation>
    <module>modm:stdc++</module>
    <source>../../../ext/modm/ext/gcc/libstdc++/include/any</source>
    <destination>modm/ext/gcc/libstdc++/include/any</destination>
    <time>3.913 ms</time>
  </operation>
  <operation>
    <module>modm:stdc++</module>
    <source>../../../ext/modm/ext/gcc/libstdc++/include/array</source>
    <destination>modm/ext/gcc/libstdc++/include/array</destination>
    <time>3.730 ms</time>
  </operation>
  <operation>
    <module>modm:stdc++</module>
    <source>../../../ext/modm/ext/gcc/libstdc++/include/atomic</source>
    <destination>modm/ext/gcc/libstdc++/include/atomic</destination>
    <time>1.757 ms</time>
  </operation>
  <operation>
    <module>modm:stdc++</module>
    <source>../../../ext/modm/ext/gcc/libstdc++/include/backward/backward_warning.h</source>
    <destination>modm/ext/gcc/libstdc++/include/backward/backward_warning.h</destination>
    <time>0.426 ms</time>
  </operation>
  <operation>
    <module>modm:stdc++</module>
    <source>../../../ext/modm/ext/gcc/libstdc++/include/backward/binders.h</source>
    <destination>modm/ext/gcc/libstdc++/include/backward/binders.h</destination>
    <time>387.713 ms</time>
  </operation>
  <operation>
    <module>modm:stdc++</module>
    <source>../../../ext/modm/ext/gcc/libstdc++/include/backward/hash_fun.h</source>
    <destination>modm/ext/gcc/libstdc++/include/backward/hash_fun.h</destination>
    <time>0.358 ms</time>
  </operation>
  <operation>
    <module>modm:stdc++</module>
    <source>../../../ext/modm/ext/gcc/libstdc++/include/backward/hash_map</source>
    <destination>modm/ext/gcc/libstdc++/include/backward/hash_map</destination>
    <time>0.378 ms</time>
  </operation>
  <operation>
    <module>modm:stdc++</module>
    <source>../../../ext/modm/ext/gcc/libstdc++/include/backward/hash_set</source>
    <destination>modm/ext/gcc/libstdc++/include/backward/hash_set</destination>
    <time>0.467 ms</time>
  </operation>
  <operation>
    <module>modm:stdc++</module>
    <source>../../../ext/modm/ext/gcc/libstdc++/include/backward/hashtable.h</source>
    <destination>modm/ext/gcc/libstdc++/include/backward/hashtable.h</destination>
    <time>0.393 ms</time>
  </operation>
  <operation>
    <module>modm:stdc++</module>
    <source>../../../ext/modm/ext/gcc/libstdc++/include/bit</source>
    <destination>modm/ext/gcc/libstdc++/include/bit</destination>
    <time>0.413 ms</time>
  </operation>
  <operation>
    <module>modm:stdc++</module>
    <source>../../../ext/modm/ext/gcc/libstdc++/include/bits/algorithmfwd.h</source>
    <destination>modm/ext/gcc/libstdc++/include/bits/algorithmfwd.h</destination>
    <time>0.730 ms</time>
  </operation>
  <operation>
    <module>modm:stdc++</module>
    <source>../../../ext/modm/ext/gcc/libstdc++/include/bits/alloc_traits.h</source>
    <destination>modm/ext/gcc/libstdc++/include/bits/alloc_traits.h</destination>
    <time>1.283 ms</time>
  </operation>
  <operation>
    <module>modm:stdc++</module>
    <source>../../../ext/modm/ext/gcc/libstdc++/include/bits/allocated_ptr.h</source>
    <destination>modm/ext/gcc/libstdc++/include/bits/allocated_ptr.h</destination>
    <time>1.338 ms</time>
  </operation>
  <operation>
    <module>modm:stdc++</module>
    <source>../../../ext/modm/ext/gcc/libstdc++/include/bits/allocator.h</source>
    <destination>modm/ext/gcc/libstdc++/include/bits/allocator.h</destination>
    <time>2.785 ms</time>
  </operation>
  <operation>
    <module>modm:stdc++</module>
    <source>../../../ext/modm/ext/gcc/libstdc++/include/bits/atomic_base.h</source>
    <destination>modm/ext/gcc/libstdc++/include/bits/atomic_base.h</destination>
    <time>2.094 ms</time>
  </operation>
  <operation>
    <module>modm:stdc++</module>
    <source>../../../ext/modm/ext/gcc/libstdc++/include/bits/atomic_lockfree_defines.h</source>
    <destination>modm/ext/gcc/libstdc++/include/bits/atomic_lockfree_defines.h</destination>
    <time>1.571 ms</time>
  </operation>
  <operation>
    <module>modm:stdc++</module>
    <source>../../../ext/modm/ext/gcc/libstdc++/include/bits/boost_concept_check.h</source>
    <destination>modm/ext/gcc/libstdc++/include/bits/boost_concept_check.h</destination>
    <time>1.375 ms</time>
  </operation>
  <operation>
    <module>modm:stdc++</module>
    <source>../../../ext/modm/ext/gcc/libstdc++/include/bits/c++0x_warning.h</source>
    <destination>modm/ext/gcc/libstdc++/include/bits/c++0x_warning.h</destination>
    <time>0.970 ms</time>
  </operation>
  <operation>
    <module>modm:stdc++</module>
    <source>../../../ext/modm/ext/gcc/libstdc++/include/bits/c++allocator.h</source>
    <destination>modm/ext/gcc/libstdc++/include/bits/c++allocator.h</destination>
    <time>1.046 ms</time>
  </operation>
  <operation>
    <module>modm:stdc++</module>
    <source>../../../ext/modm/ext/gcc/libstdc++/include/bits/c++config.h</source>
    <destination>modm/ext/gcc/libstdc++/include/bits/c++config.h</destination>
    <time>1.176 ms</time>
  </operation>
  <operation>
    <module>modm:stdc++</module>
    <source>../../../ext/modm/ext/gcc/libstdc++/include/bits/char_traits.h</source>
    <destination>modm/ext/gcc/libstdc++/include/bits/char_traits.h</destination>
    <time>1.084 ms</time>
  </operation>
  <operation>
    <module>modm:stdc++</module>
    <source>../../../ext/modm/ext/gcc/libstdc++/include/bits/charconv.h</source>
    <destination>modm/ext/gcc/libstdc++/include/bits/charconv.h</destination>
    <time>1.091 ms</time>
  </operation>
  <operation>
    <module>modm:stdc++</module>
    <source>../../../ext/modm/ext/gcc/libstdc++/include/bits/concept_check.h</source>
    <destination>modm/ext/gcc/libstdc++/include/bits/concept_check.h</destination>
    <time>0.994 ms</time>
  </operation>
  <operation>
    <module>modm:stdc++</module>
    <source>../../../ext/modm/ext/gcc/libstdc++/include/bits/cpp_type_traits.h</source>
    <destination>modm/ext/gcc/libstdc++/include/bits/cpp_type_traits.h</destination>
    <time>1.050 ms</time>
  </operation>
  <operation>
    <module>modm:stdc++</module>
    <source>../../../ext/modm/ext/gcc/libstdc++/include/bits/cxxabi_forced.h</source>
    <destination>modm/ext/gcc/libstdc++/include/bits/cxxabi_forced.h</destination>
    <time>1.160 ms</time>
  </operation>
  <operation>
    <module>modm:stdc++</module>
    <source>../../../ext/modm/ext/gcc/libstdc++/include/bits/cxxabi_init_exception.h</source>
    <destination>modm/ext/gcc/libstdc++/include/bits/cxxabi_init_exception.h</destination>
    <time>1.067 ms</time>
  </operation>
  <operation>
    <module>modm:stdc++</module>
    <source>../../../ext/modm/ext/gcc/libstdc++/include/bits/deque.tcc</source>
    <destination>modm/ext/gcc/libstdc++/include/bits/deque.tcc</destination>
    <time>1.167 ms</time>
  </operation>
  <operation>
    <module>modm:stdc++</module>
    <source>../../../ext/modm/ext/gcc/libstdc++/include/bits/enable_special_members.h</source>
    <destination>modm/ext/gcc/libstdc++/include/bits/enable_special_members.h</destination>
    <time>1.229 ms</time>
  </operation>
  <operation>
    <module>modm:stdc++</module>
    <source>../../../ext/modm/ext/gcc/libstdc++/include/bits/erase_if.h</source>
    <destination>modm/ext/gcc/libstdc++/include/bits/erase_if.h</destination>
    <time>1.458 ms</time>
  </operation>
  <operation>
    <module>modm:stdc++</module>
    <source>../../../ext/modm/ext/gcc/libstdc++/include/bits/error_constants.h</source>
    <destination>modm/ext/gcc/libstdc++/include/bits/error_constants.h</destination>
    <time>1.033 ms</time>
  </operation>
  <operation>
    <module>modm:stdc++</module>
    <source>../../../ext/modm/ext/gcc/libstdc++/include/bits/exception_defines.h</source>
    <destination>modm/ext/gcc/libstdc++/include/bits/exception_defines.h</destination>
    <time>1.241 ms</time>
  </operation>
  <operation>
    <module>modm:stdc++</module>
    <source>../../../ext/modm/ext/gcc/libstdc++/include/bits/forward_list.h</source>
    <destination>modm/ext/gcc/libstdc++/include/bits/forward_list.h</destination>
    <time>1.567 ms</time>
  </operation>
  <operation>
    <module>modm:stdc++</module>
    <source>../../../ext/modm/ext/gcc/libstdc++/include/bits/forward_list.tcc</source>
    <destination>modm/ext/gcc/libstdc++/include/bits/forward_list.tcc</destination>
    <time>0.747 ms</time>
  </operation>
  <operation>
    <module>modm:stdc++</module>
    <source>../../../ext/modm/ext/gcc/libstdc++/include/bits/functexcept.h</source>
    <destination>modm/ext/gcc/libstdc++/include/bits/functexcept.h</destination>
    <time>1.022 ms</time>
  </operation>
  <operation>
    <module>modm:stdc++</module>
    <source>../../../ext/modm/ext/gcc/libstdc++/include/bits/functional_hash.h</source>
    <destination>modm/ext/gcc/libstdc++/include/bits/functional_hash.h</destination>
    <time>1.051 ms</time>
  </operation>
  <operation>
    <module>modm:stdc++</module>
    <source>../../../ext/modm/ext/gcc/libstdc++/include/bits/gslice.h</source>
    <destination>modm/ext/gcc/libstdc++/include/bits/gslice.h</destination>
    <time>1.259 ms</time>
  </operation>
  <operation>
    <module>modm:stdc++</module>
    <source>../../../ext/modm/ext/gcc/libstdc++/include/bits/gslice_array.h</source>
    <destination>modm/ext/gcc/libstdc++/include/bits/gslice_array.h</destination>
    <time>0.960 ms</time>
  </operation>
  <operation>
    <module>modm:stdc++</module>
    <source>../../../ext/modm/ext/gcc/libstdc++/include/bits/hash_bytes.h</source>
    <destination>modm/ext/gcc/libstdc++/include/bits/hash_bytes.h</destination>
    <time>0.972 ms</time>
  </operation>
  <operation>
    <module>modm:stdc++</module>
    <source>../../../ext/modm/ext/gcc/libstdc++/include/bits/hashtable.h</source>
    <destination>modm/ext/gcc/libstdc++/include/bits/hashtable.h</destination>
    <time>28.911 ms</time>
  </operation>
  <operation>
    <module>modm:stdc++</module>
    <source>../../../ext/modm/ext/gcc/libstdc++/include/bits/hashtable_policy.h</source>
    <destination>modm/ext/gcc/libstdc++/include/bits/hashtable_policy.h</destination>
    <time>1.393 ms</time>
  </operation>
  <operation>
    <module>modm:stdc++</module>
    <source>../../../ext/modm/ext/gcc/libstdc++/include/bits/indirect_array.h</source>
    <destination>modm/ext/gcc/libstdc++/include/bits/indirect_array.h</destination>
    <time>1.028 ms</time>
  </operation>
  <operation>
    <module>modm:stdc++</module>
    <source>../../../ext/modm/ext/gcc/libstdc++/include/bits/invoke.h</source>
    <destination>modm/ext/gcc/libstdc++/include/bits/invoke.h</destination>
    <time>1.160 ms</time>
  </operation>
  <operation>
    <module>modm:stdc++</module>
    <source>../../../ext/modm/ext/gcc/libstdc++/include/bits/iterator_concepts.h</source>
    <destination>modm/ext/gcc/libstdc++/include/bits/iterator_concepts.h</destination>
    <time>1.181 ms</time>
  </operation>
  <operation>
    <module>modm:stdc++</module>
    <source>../../../ext/modm/ext/gcc/libstdc++/include/bits/list.tcc</source>
    <destination>modm/ext/gcc/libstdc++/include/bits/list.tcc</destination>
    <time>1.137 ms</time>
  </operation>
  <operation>
    <module>modm:stdc++</module>
    <source>../../../ext/modm/ext/gcc/libstdc++/include/bits/mask_array.h</source>
    <destination>modm/ext/gcc/libstdc++/include/bits/mask_array.h</destination>
    <time>1.274 ms</time>
  </operation>
  <operation>
    <module>modm:stdc++</module>
    <source>../../../ext/modm/ext/gcc/libstdc++/include/bits/memoryfwd.h</source>
    <destination>modm/ext/gcc/libstdc++/include/bits/memoryfwd.h</destination>
    <time>0.728 ms</time>
  </operation>
  <operation>
    <module>modm:stdc++</module>
    <source>../../../ext/modm/ext/gcc/libstdc++/include/bits/move.h</source>
    <destination>modm/ext/gcc/libstdc++/include/bits/move.h</destination>
    <time>0.952 ms</time>
  </operation>
  <operation>
    <module>modm:stdc++</module>
    <source>../../../ext/modm/ext/gcc/libstdc++/include/bits/node_handle.h</source>
    <destination>modm/ext/gcc/libstdc++/include/bits/node_handle.h</destination>
    <time>1.158 ms</time>
  </operation>
  <operation>
    <module>modm:stdc++</module>
    <source>../../../ext/modm/ext/gcc/libstdc++/include/bits/parse_numbers.h</source>
    <destination>modm/ext/gcc/libstdc++/include/bits/parse_numbers.h</destination>
    <time>0.986 ms</time>
  </operation>
  <operation>
    <module>modm:stdc++</module>
    <source>../../../ext/modm/ext/gcc/libstdc++/include/bits/postypes.h</source>
    <destination>modm/ext/gcc/libstdc++/include/bits/postypes.h</destination>
    <time>1.274 ms</time>
  </operation>
  <operation>
    <module>modm:stdc++</module>
    <source>../../../ext/modm/ext/gcc/libstdc++/include/bits/predefined_ops.h</source>
    <destination>modm/ext/gcc/libstdc++/include/bits/predefined_ops.h</destination>
    <time>1.041 ms</time>
  </operation>
  <operation>
    <module>modm:stdc++</module>
    <source>../../../ext/modm/ext/gcc/libstdc++/include/bits/ptr_traits.h</source>
    <destination>modm/ext/gcc/libstdc++/include/bits/ptr_traits.h</destination>
    <time>1.039 ms</time>
  </operation>
  <operation>
    <module>modm:stdc++</module>
    <source>../../../ext/modm/ext/gcc/libstdc++/include/bits/random.h</source>
    <destination>modm/ext/gcc/libstdc++/include/bits/random.h</destination>
    <time>185.960 ms</time>
  </operation>
  <operation>
    <module>modm:stdc++</module>
    <source>../../../ext/modm/ext/gcc/libstdc++/include/bits/random.tcc</source>
    <destination>modm/ext/gcc/libstdc++/include/bits/random.tcc</destination>
    <time>1.167 ms</time>
  </operation>
  <operation>
    <module>modm:stdc++</module>
    <source>../../../ext/modm/ext/gcc/libstdc++/include/bits/range_access.h</source>
    <destination>modm/ext/gcc/libstdc++/include/bits/range_access.h</destination>
    <time>1.142 ms</time>
  </operation>
  <operation>
    <module>modm:stdc++</module>
    <source>../../../ext/modm/ext/gcc/libstdc++/include/bits/range_cmp.h</source>
    <destination>modm/ext/gcc/libstdc++/include/bits/range_cmp.h</destination>
    <time>2.165 ms</time>
  </operation>
  <operation>
    <module>modm:stdc++</module>
    <source>../../../ext/modm/ext/gcc/libstdc++/include/bits/ranges_algo.h</source>
    <destination>modm/ext/gcc/libstdc++/include/bits/ranges_algo.h</destination>
    <time>1.370 ms</time>
  </operation>
  <operation>
    <module>modm:stdc++</module>
    <source>../../../ext/modm/ext/gcc/libstdc++/include/bits/ranges_algobase.h</source>
    <destination>modm/ext/gcc/libstdc++/include/bits/ranges_algobase.h</destination>
    <time>1.146 ms</time>
  </operation>
  <operation>
    <module>modm:stdc++</module>
    <source>../../../ext/modm/ext/gcc/libstdc++/include/bits/ranges_uninitialized.h</source>
    <destination>modm/ext/gcc/libstdc++/include/bits/ranges_uninitialized.h</destination>
    <time>1.065 ms</time>
  </operation>
  <operation>
    <module>modm:stdc++</module>
    <source>../../../ext/modm/ext/gcc/libstdc++/include/bits/refwrap.h</source>
    <destination>modm/ext/gcc/libstdc++/include/bits/refwrap.h</destination>
    <time>1.716 ms</time>
  </operation>
  <operation>
    <module>modm:stdc++</module>
    <source>../../../ext/modm/ext/gcc/libstdc++/include/bits/slice_array.h</source>
    <destination>modm/ext/gcc/libstdc++/include/bits/slice_array.h</destination>
    <time>0.982 ms</time>
  </operation>
  <operation>
    <module>modm:stdc++</module>
    <source>../../../ext/modm/ext/gcc/libstdc++/include/bits/std_abs.h</source>
    <destination>modm/ext/gcc/libstdc++/include/bits/std_abs.h</destination>
    <time>0.867 ms</time>
  </operation>
  <operation>
    <module>modm:stdc++</module>
    <source>../../../ext/modm/ext/gcc/libstdc++/include/bits/std_function.h</source>
    <destination>modm/ext/gcc/libstdc++/include/bits/std_function.h</destination>
    <time>0.644 ms</time>
  </operation>
  <operation>
    <module>modm:stdc++</module>
    <source>../../../ext/modm/ext/gcc/libstdc++/include/bits/std_mutex.h</source>
    <destination>modm/ext/gcc/libstdc++/include/bits/std_mutex.h</destination>
    <time>1.028 ms</time>
  </operation>
  <operation>
    <module>modm:stdc++</module>
    <source>../../../ext/modm/ext/gcc/libstdc++/include/bits/stl_algo.h</source>
    <destination>modm/ext/gcc/libstdc++/include/bits/stl_algo.h</destination>
    <time>2.175 ms</time>
  </operation>
  <operation>
    <module>modm:stdc++</module>
    <source>../../../ext/modm/ext/gcc/libstdc++/include/bits/stl_algobase.h</source>
    <destination>modm/ext/gcc/libstdc++/include/bits/stl_algobase.h</destination>
    <time>1.162 ms</time>
  </operation>
  <operation>
    <module>modm:stdc++</module>
    <source>../../../ext/modm/ext/gcc/libstdc++/include/bits/stl_bvector.h</source>
    <destination>modm/ext/gcc/libstdc++/include/bits/stl_bvector.h</destination>
    <time>0.825 ms</time>
  </operation>
  <operation>
    <module>modm:stdc++</module>
    <source>../../../ext/modm/ext/gcc/libstdc++/include/bits/stl_construct.h</source>
    <destination>modm/ext/gcc/libstdc++/include/bits/stl_construct.h</destination>
    <time>0.942 ms</time>
  </operation>
  <operation>
    <module>modm:stdc++</module>
    <source>../../../ext/modm/ext/gcc/libstdc++/include/bits/stl_deque.h</source>
    <destination>modm/ext/gcc/libstdc++/include/bits/stl_deque.h</destination>
    <time>90.381 ms</time>
  </operation>
  <operation>
    <module>modm:stdc++</module>
    <source>../../../ext/modm/ext/gcc/libstdc++/include/bits/stl_function.h</source>
    <destination>modm/ext/gcc/libstdc++/include/bits/stl_function.h</destination>
    <time>1.253 ms</time>
  </operation>
  <operation>
    <module>modm:stdc++</module>
    <source>../../../ext/modm/ext/gcc/libstdc++/include/bits/stl_heap.h</source>
    <destination>modm/ext/gcc/libstdc++/include/bits/stl_heap.h</destination>
    <time>1.105 ms</time>
  </operation>
  <operation>
    <module>modm:stdc++</module>
    <source>../../../ext/modm/ext/gcc/libstdc++/include/bits/stl_iterator.h</source>
    <destination>modm/ext/gcc/libstdc++/include/bits/stl_iterator.h</destination>
    <time>0.796 ms</time>
  </operation>
  <operation>
    <module>modm:stdc++</module>
    <source>../../../ext/modm/ext/gcc/libstdc++/include/bits/stl_iterator_base_funcs.h</source>
    <destination>modm/ext/gcc/libstdc++/include/bits/stl_iterator_base_funcs.h</destination>
    <time>0.862 ms</time>
  </operation>
  <operation>
    <module>modm:stdc++</module>
    <source>../../../ext/modm/ext/gcc/libstdc++/include/bits/stl_iterator_base_types.h</source>
    <destination>modm/ext/gcc/libstdc++/include/bits/stl_iterator_base_types.h</destination>
    <time>1.098 ms</time>
  </operation>
  <operation>
    <module>modm:stdc++</module>
    <source>../../../ext/modm/ext/gcc/libstdc++/include/bits/stl_list.h</source>
    <destination>modm/ext/gcc/libstdc++/include/bits/stl_list.h</destination>
    <time>106.951 ms</time>
  </operation>
  <operation>
    <module>modm:stdc++</module>
    <source>../../../ext/modm/ext/gcc/libstdc++/include/bits/stl_map.h</source>
    <destination>modm/ext/gcc/libstdc++/include/bits/stl_map.h</destination>
    <time>1.806 ms</time>
  </operation>
  <operation>
    <module>modm:stdc++</module>
    <source>../../../ext/modm/ext/gcc/libstdc++/include/bits/stl_multimap.h</source>
    <destination>modm/ext/gcc/libstdc++/include/bits/stl_multimap.h</destination>
    <time>1.096 ms</time>
  </operation>
  <operation>
    <module>modm:stdc++</module>
    <source>../../../ext/modm/ext/gcc/libstdc++/include/bits/stl_multiset.h</source>
    <destination>modm/ext/gcc/libstdc++/include/bits/stl_multiset.h</destination>
    <time>0.776 ms</time>
  </operation>
  <operation>
    <module>modm:stdc++</module>
    <source>../../../ext/modm/ext/gcc/libstdc++/include/bits/stl_numeric.h</source>
    <destination>modm/ext/gcc/libstdc++/include/bits/stl_numeric.h</destination>
    <time>0.952 ms</time>
  </operation>
  <operation>
    <module>modm:stdc++</module>
    <source>../../../ext/modm/ext/gcc/libstdc++/include/bits/stl_pair.h</source>
    <destination>modm/ext/gcc/libstdc++/include/bits/stl_pair.h</destination>
    <time>1.138 ms</time>
  </operation>
  <operation>
    <module>modm:stdc++</module>
    <source>../../../ext/modm/ext/gcc/libstdc++/include/bits/stl_queue.h</source>
    <destination>modm/ext/gcc/libstdc++/include/bits/stl_queue.h</destination>
    <time>1.163 ms</time>
  </operation>
  <operation>
    <module>modm:stdc++</module>
    <source>../../../ext/modm/ext/gcc/libstdc++/include/bits/stl_raw_storage_iter.h</source>
    <destination>modm/ext/gcc/libstdc++/include/bits/stl_raw_storage_iter.h</destination>
    <time>0.967 ms</time>
  </operation>
  <operation>
    <module>modm:stdc++</module>
    <source>../../../ext/modm/ext/gcc/libstdc++/include/bits/stl_relops.h</source>
    <destination>modm/ext/gcc/libstdc++/include/bits/stl_relops.h</destination>
    <time>1.109 ms</time>
  </operation>
  <operation>
    <module>modm:stdc++</module>
    <source>../../../ext/modm/ext/gcc/libstdc++/include/bits/stl_set.h</source>
    <destination>modm/ext/gcc/libstdc++/include/bits/stl_set.h</destination>
    <time>1.095 ms</time>
  </operation>
  <operation>
    <module>modm:stdc++</module>
    <source>../../../ext/modm/ext/gcc/libstdc++/include/bits/stl_stack.h</source>
    <destination>modm/ext/gcc/libstdc++/include/bits/stl_stack.h</destination>
    <time>1.427 ms</time>
  </operation>
  <operation>
    <module>modm:stdc++</module>
    <source>../../../ext/modm/ext/gcc/libstdc++/include/bits/stl_tempbuf.h</source>
    <destination>modm/ext/gcc/libstdc++/include/bits/stl_tempbuf.h</destination>
    <time>1.068 ms</time>
  </operation>
  <operation>
    <module>modm:stdc++</module>
    <source>../../../ext/modm/ext/gcc/libstdc++/include/bits/stl_tree.h</source>
    <destination>modm/ext/gcc/libstdc++/include/bits/stl_tree.h</destination>
    <time>1.177 ms</time>
  </operation>
  <operation>
    <module>modm:stdc++</module>
    <source>../../../ext/modm/ext/gcc/libstdc++/include/bits/stl_uninitialized.h</source>
    <destination>modm/ext/gcc/libstdc++/include/bits/stl_uninitialized.h</destination>
    <time>1.387 ms</time>
  </operation>
  <operation>
    <module>modm:stdc++</module>
    <source>../../../ext/modm/ext/gcc/libstdc++/include/bits/stl_vector.h</source>
    <destination>modm/ext/gcc/libstdc++/include/bits/stl_vector.h</destination>
    <time>1.221 ms</time>
  </operation>
  <operation>
    <module>modm:stdc++</module>
    <source>../../../ext/modm/ext/gcc/libstdc++/include/bits/string_view.tcc</source>
    <destination>modm/ext/gcc/libstdc++/include/bits/string_view.tcc</destination>
    <time>0.993 ms</time>
  </operation>
  <operation>
    <module>modm:stdc++</module>
    <source>../../../ext/modm/ext/gcc/libstdc++/include/bits/uniform_int_dist.h</source>
    <destination>modm/ext/gcc/libstdc++/include/bits/uniform_int_dist.h</destination>
    <time>0.742 ms</time>
  </operation>
  <operation>
    <module>modm:stdc++</module>
    <source>../../../ext/modm/ext/gcc/libstdc++/include/bits/unique_lock.h</source>
    <destination>modm/ext/gcc/libstdc++/include/bits/unique_lock.h</destination>
    <time>1.029 ms</time>
  </operation>
  <operation>
    <module>modm:stdc++</module>
    <source>../../../ext/modm/ext/gcc/libstdc++/include/bits/unique_ptr.h</source>
    <destination>modm/ext/gcc/libstdc++/include/bits/unique_ptr.h</destination>
    <time>1.299 ms</time>
  </operation>
  <operation>
    <module>modm:stdc++</module>
    <source>../../../ext/modm/ext/gcc/libstdc++/include/bits/unordered_map.h</source>
    <destination>modm/ext/gcc/libstdc++/include/bits/unordered_map.h</destination>
    <time>1.390 ms</time>
  </operation>
  <operation>
    <module>modm:stdc++</module>
    <source>../../../ext/modm/ext/gcc/libstdc++/include/bits/unordered_set.h</source>
    <destination>modm/ext/gcc/libstdc++/include/bits/unordered_set.h</destination>
    <time>1.449 ms</time>
  </operation>
  <operation>
    <module>modm:stdc++</module>
    <source>../../../ext/modm/ext/gcc/libstdc++/include/bits/uses_allocator.h</source>
    <destination>modm/ext/gcc/libstdc++/include/bits/uses_allocator.h</destination>
    <time>1.040 ms</time>
  </operation>
  <operation>
    <module>modm:stdc++</module>
    <source>../../../ext/modm/ext/gcc/libstdc++/include/bits/valarray_after.h</source>
    <destination>modm/ext/gcc/libstdc++/include/bits/valarray_after.h</destination>
    <time>1.051 ms</time>
  </operation>
  <operation>
    <module>modm:stdc++</module>
    <source>../../../ext/modm/ext/gcc/libstdc++/include/bits/valarray_array.h</source>
    <destination>modm/ext/gcc/libstdc++/include/bits/valarray_array.h</destination>
    <time>1.272 ms</time>
  </operation>
  <operation>
    <module>modm:stdc++</module>
    <source>../../../ext/modm/ext/gcc/libstdc++/include/bits/valarray_array.tcc</source>
    <destination>modm/ext/gcc/libstdc++/include/bits/valarray_array.tcc</destination>
    <time>1.082 ms</time>
  </operation>
  <operation>
    <module>modm:stdc++</module>
    <source>../../../ext/modm/ext/gcc/libstdc++/include/bits/valarray_before.h</source>
    <destination>modm/ext/gcc/libstdc++/include/bits/valarray_before.h</destination>
    <time>1.151 ms</time>
  </operation>
  <operation>
    <module>modm:stdc++</module>
    <source>../../../ext/modm/ext/gcc/libstdc++/include/bits/vector.tcc</source>
    <destination>modm/ext/gcc/libstdc++/include/bits/vector.tcc</destination>
    <time>3.703 ms</time>
  </operation>
  <operation>
    <module>modm:stdc++</module>
    <source>../../../ext/modm/ext/gcc/libstdc++/include/bitset</source>
    <destination>modm/ext/gcc/libstdc++/include/bitset</destination>
    <time>0.778 ms</time>
  </operation>
  <operation>
    <module>modm:stdc++</module>
    <source>../../../ext/modm/ext/gcc/libstdc++/include/cassert</source>
    <destination>modm/ext/gcc/libstdc++/include/cassert</destination>
    <time>0.944 ms</time>
  </operation>
  <operation>
    <module>modm:stdc++</module>
    <source>../../../ext/modm/ext/gcc/libstdc++/include/ccomplex</source>
    <destination>modm/ext/gcc/libstdc++/include/ccomplex</destination>
    <time>0.471 ms</time>
  </operation>
  <operation>
    <module>modm:stdc++</module>
    <source>../../../ext/modm/ext/gcc/libstdc++/include/cctype</source>
    <destination>modm/ext/gcc/libstdc++/include/cctype</destination>
    <time>0.520 ms</time>
  </operation>
  <operation>
    <module>modm:stdc++</module>
    <source>../../../ext/modm/ext/gcc/libstdc++/include/cerrno</source>
    <destination>modm/ext/gcc/libstdc++/include/cerrno</destination>
    <time>0.597 ms</time>
  </operation>
  <operation>
    <module>modm:stdc++</module>
    <source>../../../ext/modm/ext/gcc/libstdc++/include/cfenv</source>
    <destination>modm/ext/gcc/libstdc++/include/cfenv</destination>
    <time>0.468 ms</time>
  </operation>
  <operation>
    <module>modm:stdc++</module>
    <source>../../../ext/modm/ext/gcc/libstdc++/include/cfloat</source>
    <destination>modm/ext/gcc/libstdc++/include/cfloat</destination>
    <time>0.482 ms</time>
  </operation>
  <operation>
    <module>modm:stdc++</module>
    <source>../../../ext/modm/ext/gcc/libstdc++/include/chrono</source>
    <destination>modm/ext/gcc/libstdc++/include/chrono</destination>
    <time>3.768 ms</time>
  </operation>
  <operation>
    <module>modm:stdc++</module>
    <source>../../../ext/modm/ext/gcc/libstdc++/include/cinttypes</source>
    <destination>modm/ext/gcc/libstdc++/include/cinttypes</destination>
    <time>0.659 ms</time>
  </operation>
  <operation>
    <module>modm:stdc++</module>
    <source>../../../ext/modm/ext/gcc/libstdc++/include/ciso646</source>
    <destination>modm/ext/gcc/libstdc++/include/ciso646</destination>
    <time>1.054 ms</time>
  </operation>
  <operation>
    <module>modm:stdc++</module>
    <source>../../../ext/modm/ext/gcc/libstdc++/include/climits</source>
    <destination>modm/ext/gcc/libstdc++/include/climits</destination>
    <time>0.939 ms</time>
  </operation>
  <operation>
    <module>modm:stdc++</module>
    <source>../../../ext/modm/ext/gcc/libstdc++/include/cmath</source>
    <destination>modm/ext/gcc/libstdc++/include/cmath</destination>
    <time>5.556 ms</time>
  </operation>
  <operation>
    <module>modm:stdc++</module>
    <source>../../../ext/modm/ext/gcc/libstdc++/include/compare</source>
    <destination>modm/ext/gcc/libstdc++/include/compare</destination>
    <time>0.634 ms</time>
  </operation>
  <operation>
    <module>modm:stdc++</module>
    <source>../../../ext/modm/ext/gcc/libstdc++/include/complex</source>
    <destination>modm/ext/gcc/libstdc++/include/complex</destination>
    <time>0.802 ms</time>
  </operation>
  <operation>
    <module>modm:stdc++</module>
    <source>../../../ext/modm/ext/gcc/libstdc++/include/concepts</source>
    <destination>modm/ext/gcc/libstdc++/include/concepts</destination>
    <time>0.736 ms</time>
  </operation>
  <operation>
    <module>modm:stdc++</module>
    <source>../../../ext/modm/ext/gcc/libstdc++/include/coroutine</source>
    <destination>modm/ext/gcc/libstdc++/include/coroutine</destination>
    <time>0.447 ms</time>
  </operation>
  <operation>
    <module>modm:stdc++</module>
    <source>../../../ext/modm/ext/gcc/libstdc++/include/csetjmp</source>
    <destination>modm/ext/gcc/libstdc++/include/csetjmp</destination>
    <time>1.101 ms</time>
  </operation>
  <operation>
    <module>modm:stdc++</module>
    <source>../../../ext/modm/ext/gcc/libstdc++/include/csignal</source>
    <destination>modm/ext/gcc/libstdc++/include/csignal</destination>
    <time>0.650 ms</time>
  </operation>
  <operation>
    <module>modm:stdc++</module>
    <source>../../../ext/modm/ext/gcc/libstdc++/include/cstdalign</source>
    <destination>modm/ext/gcc/libstdc++/include/cstdalign</destination>
    <time>0.768 ms</time>
  </operation>
  <operation>
    <module>modm:stdc++</module>
    <source>../../../ext/modm/ext/gcc/libstdc++/include/cstdarg</source>
    <destination>modm/ext/gcc/libstdc++/include/cstdarg</destination>
    <time>1.082 ms</time>
  </operation>
  <operation>
    <module>modm:stdc++</module>
    <source>../../../ext/modm/ext/gcc/libstdc++/include/cstdbool</source>
    <destination>modm/ext/gcc/libstdc++/include/cstdbool</destination>
    <time>0.440 ms</time>
  </operation>
  <operation>
    <module>modm:stdc++</module>
    <source>../../../ext/modm/ext/gcc/libstdc++/include/cstddef</source>
    <destination>modm/ext/gcc/libstdc++/include/cstddef</destination>
    <time>0.451 ms</time>
  </operation>
  <operation>
    <module>modm:stdc++</module>
    <source>../../../ext/modm/ext/gcc/libstdc++/include/cstdint</source>
    <destination>modm/ext/gcc/libstdc++/include/cstdint</destination>
    <time>1.225 ms</time>
  </operation>
  <operation>
    <module>modm:stdc++</module>
    <source>../../../ext/modm/ext/gcc/libstdc++/include/cstdio</source>
    <destination>modm/ext/gcc/libstdc++/include/cstdio</destination>
    <time>0.570 ms</time>
  </operation>
  <operation>
    <module>modm:stdc++</module>
    <source>../../../ext/modm/ext/gcc/libstdc++/include/cstdlib</source>
    <destination>modm/ext/gcc/libstdc++/include/cstdlib</destination>
    <time>1.094 ms</time>
  </operation>
  <operation>
    <module>modm:stdc++</module>
    <source>../../../ext/modm/ext/gcc/libstdc++/include/cstring</source>
    <destination>modm/ext/gcc/libstdc++/include/cstring</destination>
    <time>2.707 ms</time>
  </operation>
  <operation>
    <module>modm:stdc++</module>
    <source>../../../ext/modm/ext/gcc/libstdc++/include/ctgmath</source>
    <destination>modm/ext/gcc/libstdc++/include/ctgmath</destination>
    <time>0.904 ms</time>
  </operation>
  <operation>
    <module>modm:stdc++</module>
    <source>../../../ext/modm/ext/gcc/libstdc++/include/ctime</source>
    <destination>modm/ext/gcc/libstdc++/include/ctime</destination>
    <time>0.575 ms</time>
  </operation>
  <operation>
    <module>modm:stdc++</module>
    <source>../../../ext/modm/ext/gcc/libstdc++/include/cuchar</source>
    <destination>modm/ext/gcc/libstdc++/include/cuchar</destination>
    <time>0.432 ms</time>
  </operation>
  <operation>
    <module>modm:stdc++</module>
    <source>../../../ext/modm/ext/gcc/libstdc++/include/cwchar</source>
    <destination>modm/ext/gcc/libstdc++/include/cwchar</destination>
    <time>0.654 ms</time>
  </operation>
  <operation>
    <module>modm:stdc++</module>
    <source>../../../ext/modm/ext/gcc/libstdc++/include/cwctype</source>
    <destination>modm/ext/gcc/libstdc++/include/cwctype</destination>
    <time>0.762 ms</time>
  </operation>
  <operation>
    <module>modm:stdc++</module>
    <source>../../../ext/modm/ext/gcc/libstdc++/include/debug/assertions.h</source>
    <destination>modm/ext/gcc/libstdc++/include/debug/assertions.h</destination>
    <time>237.492 ms</time>
  </operation>
  <operation>
    <module>modm:stdc++</module>
    <source>../../../ext/modm/ext/gcc/libstdc++/include/debug/debug.h</source>
    <destination>modm/ext/gcc/libstdc++/include/debug/debug.h</destination>
    <time>0.835 ms</time>
  </operation>
  <operation>
    <module>modm:stdc++</module>
    <source>../../../ext/modm/ext/gcc/libstdc++/include/debug/formatter.h</source>
    <destination>modm/ext/gcc/libstdc++/include/debug/formatter.h</destination>
    <time>0.854 ms</time>
  </operation>
  <operation>
    <module>modm:stdc++</module>
    <source>../../../ext/modm/ext/gcc/libstdc++/include/debug/functions.h</source>
    <destination>modm/ext/gcc/libstdc++/include/debug/functions.h</destination>
    <time>0.819 ms</time>
  </operation>
  <operation>
    <module>modm:stdc++</module>
    <source>../../../ext/modm/ext/gcc/libstdc++/include/debug/helper_functions.h</source>
    <destination>modm/ext/gcc/libstdc++/include/debug/helper_functions.h</destination>
    <time>0.887 ms</time>
  </operation>
  <operation>
    <module>modm:stdc++</module>
    <source>../../../ext/modm/ext/gcc/libstdc++/include/debug/macros.h</source>
    <destination>modm/ext/gcc/libstdc++/include/debug/macros.h</destination>
    <time>0.889 ms</time>
  </operation>
  <operation>
    <module>modm:stdc++</module>
    <source>../../../ext/modm/ext/gcc/libstdc++/include/decimal/decimal</source>
    <destination>modm/ext/gcc/libstdc++/include/decimal/decimal</destination>
    <time>6.845 ms</time>
  </operation>
  <operation>
    <module>modm:stdc++</module>
    <source>../../../ext/modm/ext/gcc/libstdc++/include/decimal/decimal.h</source>
    <destination>modm/ext/gcc/libstdc++/include/decimal/decimal.h</destination>
    <time>0.639 ms</time>
  </operation>
  <operation>
    <module>modm:stdc++</module>
    <source>../../../ext/modm/ext/gcc/libstdc++/include/deque</source>
    <destination>modm/ext/gcc/libstdc++/include/deque</destination>
    <time>1.122 ms</time>
  </operation>
  <operation>
    <module>modm:stdc++</module>
    <source>../../../ext/modm/ext/gcc/libstdc++/include/ext/algorithm</source>
    <destination>modm/ext/gcc/libstdc++/include/ext/algorithm</destination>
    <time>0.645 ms</time>
  </operation>
  <operation>
    <module>modm:stdc++</module>
    <source>../../../ext/modm/ext/gcc/libstdc++/include/ext/aligned_buffer.h</source>
    <destination>modm/ext/gcc/libstdc++/include/ext/aligned_buffer.h</destination>
    <time>0.448 ms</time>
  </operation>
  <operation>
    <module>modm:stdc++</module>
    <source>../../../ext/modm/ext/gcc/libstdc++/include/ext/alloc_traits.h</source>
    <destination>modm/ext/gcc/libstdc++/include/ext/alloc_traits.h</destination>
    <time>0.472 ms</time>
  </operation>
  <operation>
    <module>modm:stdc++</module>
    <source>../../../ext/modm/ext/gcc/libstdc++/include/ext/atomicity.h</source>
    <destination>modm/ext/gcc/libstdc++/include/ext/atomicity.h</destination>
    <time>0.618 ms</time>
  </operation>
  <operation>
    <module>modm:stdc++</module>
    <source>../../../ext/modm/ext/gcc/libstdc++/include/ext/cmath</source>
    <destination>modm/ext/gcc/libstdc++/include/ext/cmath</destination>
    <time>0.438 ms</time>
  </operation>
  <operation>
    <module>modm:stdc++</module>
    <source>../../../ext/modm/ext/gcc/libstdc++/include/ext/functional</source>
    <destination>modm/ext/gcc/libstdc++/include/ext/functional</destination>
    <time>28.472 ms</time>
  </operation>
  <operation>
    <module>modm:stdc++</module>
    <source>../../../ext/modm/ext/gcc/libstdc++/include/ext/hash_map</source>
    <destination>modm/ext/gcc/libstdc++/include/ext/hash_map</destination>
    <time>0.465 ms</time>
  </operation>
  <operation>
    <module>modm:stdc++</module>
    <source>../../../ext/modm/ext/gcc/libstdc++/include/ext/hash_set</source>
    <destination>modm/ext/gcc/libstdc++/include/ext/hash_set</destination>
    <time>0.555 ms</time>
  </operation>
  <operation>
    <module>modm:stdc++</module>
    <source>../../../ext/modm/ext/gcc/libstdc++/include/ext/iterator</source>
    <destination>modm/ext/gcc/libstdc++/include/ext/iterator</destination>
    <time>0.469 ms</time>
  </operation>
  <operation>
    <module>modm:stdc++</module>
    <source>../../../ext/modm/ext/gcc/libstdc++/include/ext/malloc_allocator.h</source>
    <destination>modm/ext/gcc/libstdc++/include/ext/malloc_allocator.h</destination>
    <time>0.755 ms</time>
  </operation>
  <operation>
    <module>modm:stdc++</module>
    <source>../../../ext/modm/ext/gcc/libstdc++/include/ext/memory</source>
    <destination>modm/ext/gcc/libstdc++/include/ext/memory</destination>
    <time>0.472 ms</time>
  </operation>
  <operation>
    <module>modm:stdc++</module>
    <source>../../../ext/modm/ext/gcc/libstdc++/include/ext/new_allocator.h</source>
    <destination>modm/ext/gcc/libstdc++/include/ext/new_allocator.h</destination>
    <time>0.462 ms</time>
  </operation>
  <operation>
    <module>modm:stdc++</module>
    <source>../../../ext/modm/ext/gcc/libstdc++/include/ext/numeric</source>
    <destination>modm/ext/gcc/libstdc++/include/ext/numeric</destination>
    <time>0.634 ms</time>
  </operation>
  <operation>
    <module>modm:stdc++</module>
    <source>../../../ext/modm/ext/gcc/libstdc++/include/ext/numeric_traits.h</source>
    <destination>modm/ext/gcc/libstdc++/include/ext/numeric_traits.h</destination>
    <time>0.830 ms</time>
  </operation>
  <operation>
    <module>modm:stdc++</module>
    <source>../../../ext/modm/ext/gcc/libstdc++/include/ext/pod_char_traits.h</source>
    <destination>modm/ext/gcc/libstdc++/include/ext/pod_char_traits.h</destination>
    <time>0.599 ms</time>
  </operation>
  <operation>
    <module>modm:stdc++</module>
    <source>../../../ext/modm/ext/gcc/libstdc++/include/ext/rb_tree</source>
    <destination>modm/ext/gcc/libstdc++/include/ext/rb_tree</destination>
    <time>0.620 ms</time>
  </operation>
  <operation>
    <module>modm:stdc++</module>
    <source>../../../ext/modm/ext/gcc/libstdc++/include/ext/slist</source>
    <destination>modm/ext/gcc/libstdc++/include/ext/slist</destination>
    <time>0.635 ms</time>
  </operation>
  <operation>
    <module>modm:stdc++</module>
    <source>../../../ext/modm/ext/gcc/libstdc++/include/ext/type_traits.h</source>
    <destination>modm/ext/gcc/libstdc++/include/ext/type_traits.h</destination>
    <time>0.478 ms</time>
  </operation>
  <operation>
    <module>modm:stdc++</module>
    <source>../../../ext/modm/ext/gcc/libstdc++/include/ext/typelist.h</source>
    <destination>modm/ext/gcc/libstdc++/include/ext/typelist.h</destination>
    <time>0.766 ms</time>
  </operation>
  <operation>
    <module>modm:stdc++</module>
    <source>../../../ext/modm/ext/gcc/libstdc++/include/forward_list</source>
    <destination>modm/ext/gcc/libstdc++/include/forward_list</destination>
    <time>46.678 ms</time>
  </operation>
  <operation>
    <module>modm:stdc++</module>
    <source>../../../ext/modm/ext/gcc/libstdc++/include/functional</source>
    <destination>modm/ext/gcc/libstdc++/include/functional</destination>
    <time>0.719 ms</time>
  </operation>
  <operation>
    <module>modm:stdc++</module>
    <source>../../../ext/modm/ext/gcc/libstdc++/include/initializer_list</source>
    <destination>modm/ext/gcc/libstdc++/include/initializer_list</destination>
    <time>0.755 ms</time>
  </operation>
  <operation>
    <module>modm:stdc++</module>
    <source>../../../ext/modm/ext/gcc/libstdc++/include/iterator</source>
    <destination>modm/ext/gcc/libstdc++/include/iterator</destination>
    <time>0.408 ms</time>
  </operation>
  <operation>
    <module>modm:stdc++</module>
    <source>../../../ext/modm/ext/gcc/libstdc++/include/limits</source>
    <destination>modm/ext/gcc/libstdc++/include/limits</destination>
    <time>59.422 ms</time>
  </operation>
  <operation>
    <module>modm:stdc++</module>
    <source>../../../ext/modm/ext/gcc/libstdc++/include/list</source>
    <destination>modm/ext/gcc/libstdc++/include/list</destination>
    <time>0.445 ms</time>
  </operation>
  <operation>
    <module>modm:stdc++</module>
    <source>../../../ext/modm/ext/gcc/libstdc++/include/map</source>
    <destination>modm/ext/gcc/libstdc++/include/map</destination>
    <time>0.584 ms</time>
  </operation>
  <operation>
    <module>modm:stdc++</module>
    <source>../../../ext/modm/ext/gcc/libstdc++/include/memory</source>
    <destination>modm/ext/gcc/libstdc++/include/memory</destination>
    <time>0.510 ms</time>
  </operation>
  <operation>
    <module>modm:stdc++</module>
    <source>../../../ext/modm/ext/gcc/libstdc++/include/mutex</source>
    <destination>modm/ext/gcc/libstdc++/include/mutex</destination>
    <time>0.834 ms</time>
  </operation>
  <operation>
    <module>modm:stdc++</module>
    <source>../../../ext/modm/ext/gcc/libstdc++/include/new</source>
    <destination>modm/ext/gcc/libstdc++/include/new</destination>
    <time>0.586 ms</time>
  </operation>
  <operation>
    <module>modm:stdc++</module>
    <source>../../../ext/modm/ext/gcc/libstdc++/include/numbers</source>
    <destination>modm/ext/gcc/libstdc++/include/numbers</destination>
    <time>0.949 ms</time>
  </operation>
  <operation>
    <module>modm:stdc++</module>
    <source>../../../ext/modm/ext/gcc/libstdc++/include/numeric</source>
    <destination>modm/ext/gcc/libstdc++/include/numeric</destination>
    <time>0.972 ms</time>
  </operation>
  <operation>
    <module>modm:stdc++</module>
    <source>../../../ext/modm/ext/gcc/libstdc++/include/optional</source>
    <destination>modm/ext/gcc/libstdc++/include/optional</destination>
    <time>3.193 ms</time>
  </operation>
  <operation>
    <module>modm:stdc++</module>
    <source>../../../ext/modm/ext/gcc/libstdc++/include/queue</source>
    <destination>modm/ext/gcc/libstdc++/include/queue</destination>
    <time>1.127 ms</time>
  </operation>
  <operation>
    <module>modm:stdc++</module>
    <source>../../../ext/modm/ext/gcc/libstdc++/include/random</source>
    <destination>modm/ext/gcc/libstdc++/include/random</destination>
    <time>0.525 ms</time>
  </operation>
  <operation>
    <module>modm:stdc++</module>
    <source>../../../ext/modm/ext/gcc/libstdc++/include/ranges</source>
    <destination>modm/ext/gcc/libstdc++/include/ranges</destination>
    <time>76.877 ms</time>
  </operation>
  <operation>
    <module>modm:stdc++</module>
    <source>../../../ext/modm/ext/gcc/libstdc++/include/ratio</source>
    <destination>modm/ext/gcc/libstdc++/include/ratio</destination>
    <time>2.445 ms</time>
  </operation>
  <operation>
    <module>modm:stdc++</module>
    <source>../../../ext/modm/ext/gcc/libstdc++/include/scoped_allocator</source>
    <destination>modm/ext/gcc/libstdc++/include/scoped_allocator</destination>
    <time>0.506 ms</time>
  </operation>
  <operation>
    <module>modm:stdc++</module>
    <source>../../../ext/modm/ext/gcc/libstdc++/include/set</source>
    <destination>modm/ext/gcc/libstdc++/include/set</destination>
    <time>0.489 ms</time>
  </operation>
  <operation>
    <module>modm:stdc++</module>
    <source>../../../ext/modm/ext/gcc/libstdc++/include/shared_mutex</source>
    <destination>modm/ext/gcc/libstdc++/include/shared_mutex</destination>
    <time>1.021 ms</time>
  </operation>
  <operation>
    <module>modm:stdc++</module>
    <source>../../../ext/modm/ext/gcc/libstdc++/include/span</source>
    <destination>modm/ext/gcc/libstdc++/include/span</destination>
    <time>0.796 ms</time>
  </operation>
  <operation>
    <module>modm:stdc++</module>
    <source>../../../ext/modm/ext/gcc/libstdc++/include/stack</source>
    <destination>modm/ext/gcc/libstdc++/include/stack</destination>
    <time>0.925 ms</time>
  </operation>
  <operation>
    <module>modm:stdc++</module>
    <source>../../../ext/modm/ext/gcc/libstdc++/include/string_view</source>
    <destination>modm/ext/gcc/libstdc++/include/string_view</destination>
    <time>0.592 ms</time>
  </operation>
  <operation>
    <module>modm:stdc++</module>
    <source>../../../ext/modm/ext/gcc/libstdc++/include/tuple</source>
    <destination>modm/ext/gcc/libstdc++/include/tuple</destination>
    <time>1.158 ms</time>
  </operation>
  <operation>
    <module>modm:stdc++</module>
    <source>../../../ext/modm/ext/gcc/libstdc++/include/type_traits</source>
    <destination>modm/ext/gcc/libstdc++/include/type_traits</destination>
    <time>203.912 ms</time>
  </operation>
  <operation>
    <module>modm:stdc++</module>
    <source>../../../ext/modm/ext/gcc/libstdc++/include/unordered_map</source>
    <destination>modm/ext/gcc/libstdc++/include/unordered_map</destination>
    <time>4.847 ms</time>
  </operation>
  <operation>
    <module>modm:stdc++</module>
    <source>../../../ext/modm/ext/gcc/libstdc++/include/unordered_set</source>
    <destination>modm/ext/gcc/libstdc++/include/unordered_set</destination>
    <time>0.677 ms</time>
  </operation>
  <operation>
    <module>modm:stdc++</module>
    <source>../../../ext/modm/ext/gcc/libstdc++/include/utility</source>
    <destination>modm/ext/gcc/libstdc++/include/utility</destination>
    <time>2.896 ms</time>
  </operation>
  <operation>
    <module>modm:stdc++</module>
    <source>../../../ext/modm/ext/gcc/libstdc++/include/valarray</source>
    <destination>modm/ext/gcc/libstdc++/include/valarray</destination>
    <time>0.443 ms</time>
  </operation>
  <operation>
    <module>modm:stdc++</module>
    <source>../../../ext/modm/ext/gcc/libstdc++/include/variant</source>
    <destination>modm/ext/gcc/libstdc++/include/variant</destination>
    <time>0.515 ms</time>
  </operation>
  <operation>
    <module>modm:stdc++</module>
    <source>../../../ext/modm/ext/gcc/libstdc++/include/vector</source>
    <destination>modm/ext/gcc/libstdc++/include/vector</destination>
    <time>1.775 ms</time>
  </operation>
  <operation>
    <module>modm:stdc++</module>
    <source>../../../ext/modm/ext/gcc/libstdc++/include/version</source>
    <destination>modm/ext/gcc/libstdc++/include/version</destination>
    <time>0.610 ms</time>
  </operation>
  <operation>
    <module>modm:stdc++</module>
    <source>../../../ext/modm/ext/gcc/libstdc++/src/functexcept.cc</source>
    <destination>modm/ext/gcc/libstdc++/src/functexcept.cc</destination>
    <time>1.033 ms</time>
  </operation>
  <operation>
    <module>modm:stdc++</module>
    <source>../../../ext/modm/ext/gcc/libstdc++/src/hash_bytes.cc</source>
    <destination>modm/ext/gcc/libstdc++/src/hash_bytes.cc</destination>
    <time>1.071 ms</time>
  </operation>
  <operation>
    <module>modm:stdc++</module>
    <source>../../../ext/modm/ext/gcc/libstdc++/src/hashtable-aux.h</source>
    <destination>modm/ext/gcc/libstdc++/src/hashtable-aux.h</destination>
    <time>189.718 ms</time>
  </operation>
  <operation>
    <module>modm:stdc++</module>
    <source>../../../ext/modm/ext/gcc/libstdc++/src/hashtable_c++0x.cc</source>
    <destination>modm/ext/gcc/libstdc++/src/hashtable_c++0x.cc</destination>
    <time>1.164 ms</time>
  </operation>
  <operation>
    <module>modm:stdc++</module>
    <source>../../../ext/modm/ext/gcc/libstdc++/src/limits.cc</source>
    <destination>modm/ext/gcc/libstdc++/src/limits.cc</destination>
    <time>1.257 ms</time>
  </operation>
  <operation>
    <module>modm:stdc++</module>
    <source>../../../ext/modm/ext/gcc/libstdc++/src/list.cc</source>
    <destination>modm/ext/gcc/libstdc++/src/list.cc</destination>
    <time>0.841 ms</time>
  </operation>
  <operation>
    <module>modm:stdc++</module>
    <source>../../../ext/modm/ext/gcc/libstdc++/src/math.cc</source>
    <destination>modm/ext/gcc/libstdc++/src/math.cc</destination>
    <time>0.957 ms</time>
  </operation>
  <operation>
    <module>modm:stdc++</module>
    <source>../../../ext/modm/ext/gcc/libstdc++/src/new_handler.cc</source>
    <destination>modm/ext/gcc/libstdc++/src/new_handler.cc</destination>
    <time>2.058 ms</time>
  </operation>
  <operation>
    <module>modm:stdc++</module>
    <source>../../../ext/modm/ext/gcc/libstdc++/src/tree.cc</source>
    <destination>modm/ext/gcc/libstdc++/src/tree.cc</destination>
    <time>1.613 ms</time>
  </operation>
  <operation>
    <module>modm:stdc++</module>
    <source>../../../ext/modm/ext/gcc/modm_atomic.hpp.in</source>
    <destination>modm/ext/gcc/modm_atomic.hpp</destination>
    <time>366.229 ms</time>
  </operation>
  <operation>
    <module>modm:stdc++</module>
    <source>../../../ext/modm/ext/gcc/new_delete.cpp.in</source>
    <destination>modm/ext/gcc/new_delete.cpp</destination>
    <time>98.688 ms</time>
  </operation>
  <operation>
    <module>modm:ui:button</module>
    <source>../../../ext/modm/src/modm/ui/button.hpp</source>
    <destination>modm/src/modm/ui/button.hpp</destination>
    <time>795.850 ms</time>
  </operation>
  <operation>
    <module>modm:ui:button</module>
    <source>../../../ext/modm/src/modm/ui/button_group.hpp</source>
    <destination>modm/src/modm/ui/button_group.hpp</destination>
    <time>77.539 ms</time>
  </operation>
  <operation>
    <module>modm:ui:button</module>
    <source>../../../ext/modm/src/modm/ui/button_impl.hpp</source>
    <destination>modm/src/modm/ui/button_impl.hpp</destination>
    <time>310.939 ms</time>
  </operation>
  <operation>
    <module>modm:utils</module>
    <source>../../../ext/modm/src/modm/utils/aligned_storage.hpp</source>
    <destination>modm/src/modm/utils/aligned_storage.hpp</destination>
    <time>110.023 ms</time>
  </operation>
  <operation>
    <module>modm:utils</module>
    <source>../../../ext/modm/src/modm/utils/allocator.hpp</source>
    <destination>modm/src/modm/utils/allocator.hpp</destination>
    <time>342.972 ms</time>
  </operation>
  <operation>
    <module>modm:utils</module>
    <source>../../../ext/modm/src/modm/utils/inplace_any.hpp</source>
    <destination>modm/src/modm/utils/inplace_any.hpp</destination>
    <time>77.858 ms</time>
  </operation>
  <operation>
    <module>modm:utils</module>
    <source>../../../ext/modm/src/modm/utils/inplace_function.hpp</source>
    <destination>modm/src/modm/utils/inplace_function.hpp</destination>
    <time>32.507 ms</time>
  </operation>
  <operation>
    <module>modm:utils</module>
    <source>../../../ext/modm/src/modm/utils/type_traits.hpp</source>
    <destination>modm/src/modm/utils/type_traits.hpp</destination>
    <time>1.212 ms</time>
  </operation>
  <operation>
    <module>modm:utils</module>
    <source>../../../ext/modm/src/modm/utils/utils.hpp</source>
    <destination>modm/src/modm/utils.hpp</destination>
    <time>12.525 ms</time>
  </operation>
</buildlog>
